
42 files with changes
=====================

1) src/Controller/AraudiaController.php:33

    ---------- begin diff ----------
@@ @@
     /**
      * Lists all Araudia entities.
      *
-     * @Route("/", defaults={"page" = 1}, name="araudia_index")
-     * @Route("/page{page}", name="araudia_index_paginated")
-     * @Method("GET")
+     * @Route("/", defaults={"page"=1}, name="araudia_index", methods={"GET"})
+     * @Route("/page{page}", name="araudia_index_paginated", methods={"GET"})
      */
     public function index($page)
     {
@@ @@
     /**
      * Creates a new Araudia entity.
      *
-     * @Route("/new", name="araudia_new")
-     * @Method({"GET", "POST"})
+     * @Route("/new", name="araudia_new", methods={"GET", "POST"})
      */
     public function new(Request $request)
     {
@@ @@
     /**
      * Finds and displays a Araudia entity.
      *
-     * @Route("/{id}", name="araudia_show")
-     * @Method("GET")
+     * @Route("/{id}", name="araudia_show", methods={"GET"})
      */
     public function show(Araudia $araudium): Response
     {
@@ @@
     /**
      * Displays a form to edit an existing Araudia entity.
      *
-     * @Route("/{id}/edit", name="araudia_edit")
-     * @Method({"GET", "POST"})
+     * @Route("/{id}/edit", name="araudia_edit", methods={"GET", "POST"})
      */
     public function edit(Request $request, Araudia $araudium)
     {
@@ @@
     /**
      * Deletes a Araudia entity.
      *
-     * @Route("/{id}", name="araudia_delete")
-     * @Method("DELETE")
+     * @Route("/{id}", name="araudia_delete", methods={"DELETE"})
      */
     public function delete(Request $request, Araudia $araudium): RedirectResponse
     {
    ----------- end diff -----------

Applied rules:
 * MergeMethodAnnotationToRouteAnnotationRector


2) src/Controller/AraumotaController.php:35

    ---------- begin diff ----------
@@ @@
     /**
      * Lists all Araumota entities.
      *
-     * @Route("/", defaults={"page" = 1}, name="araumota_index")
-     * @Route("/page{page}", name="araumota_index_paginated")
-     * @Method("GET")
+     * @Route("/", defaults={"page"=1}, name="araumota_index", methods={"GET"})
+     * @Route("/page{page}", name="araumota_index_paginated", methods={"GET"})
      */
     public function index($page)
     {
@@ @@
     /**
      * Creates a new Araumota entity.
      *
-     * @Route("/new", name="araumota_new")
-     * @Method({"GET", "POST"})
+     * @Route("/new", name="araumota_new", methods={"GET", "POST"})
      */
     public function new(Request $request)
     {
@@ @@
     /**
      * Finds and displays a Araumota entity.
      *
-     * @Route("/{id}", name="araumota_show")
-     * @Method("GET")
+     * @Route("/{id}", name="araumota_show", methods={"GET"})
      */
     public function show(Araumota $araumotum): Response
     {
@@ @@
     /**
      * Displays a form to edit an existing Araumota entity.
      *
-     * @Route("/{id}/edit", name="araumota_edit")
-     * @Method({"GET", "POST"})
+     * @Route("/{id}/edit", name="araumota_edit", methods={"GET", "POST"})
      */
     public function edit(Request $request, Araumota $araumotum)
     {
@@ @@
     /**
      * Deletes a Araumota entity.
      *
-     * @Route("/{id}", name="araumota_delete")
-     * @Method("DELETE")
+     * @Route("/{id}", name="araumota_delete", methods={"DELETE"})
      */
     public function delete(Request $request, Araumota $araumotum): RedirectResponse
     {
    ----------- end diff -----------

Applied rules:
 * MergeMethodAnnotationToRouteAnnotationRector


3) src/Controller/ArruntaController.php:35

    ---------- begin diff ----------
@@ @@
     /**
      * Lists all Arrunta entities.
      *
-     * @Route("/", defaults={"page" = 1}, name="arrunta_index")
-     * @Route("/page{page}", name="arrunta_index_paginated")
-     * @Method("GET")
+     * @Route("/", defaults={"page"=1}, name="arrunta_index", methods={"GET"})
+     * @Route("/page{page}", name="arrunta_index_paginated", methods={"GET"})
      */
     public function index($page)
     {
@@ @@
     /**
      * Creates a new Arrunta entity.
      *
-     * @Route("/new", name="arrunta_new")
-     * @Method({"GET", "POST"})
+     * @Route("/new", name="arrunta_new", methods={"GET", "POST"})
      */
     public function new(Request $request)
     {
@@ @@
     /**
      * Finds and displays a Arrunta entity.
      *
-     * @Route("/{id}", name="arrunta_show")
-     * @Method("GET")
+     * @Route("/{id}", name="arrunta_show", methods={"GET"})
      */
     public function show(Arrunta $arruntum): Response
     {
@@ @@
     /**
      * Displays a form to edit an existing Arrunta entity.
      *
-     * @Route("/{id}/edit", name="arrunta_edit")
-     * @Method({"GET", "POST"})
+     * @Route("/{id}/edit", name="arrunta_edit", methods={"GET", "POST"})
      */
     public function edit(Request $request, Arrunta $arruntum)
     {
@@ @@
     /**
      * Deletes a Arrunta entity.
      *
-     * @Route("/{id}", name="arrunta_delete")
-     * @Method("DELETE")
+     * @Route("/{id}", name="arrunta_delete", methods={"DELETE"})
      */
     public function delete(Request $request, Arrunta $arruntum): RedirectResponse
     {
    ----------- end diff -----------

Applied rules:
 * MergeMethodAnnotationToRouteAnnotationRector


4) src/Controller/AtalaController.php:35

    ---------- begin diff ----------
@@ @@
     /**
      * Lists all Atala entities.
      *
-     * @Route("/", name="atala_index")
-     * @Route("/", defaults={"page" = 1}, name="atala_index")
-     * @Route("/page{page}", name="atala_index_paginated")
-     * @Method("GET")
+     * @Route("/", name="atala_index", methods={"GET"})
+     * @Route("/", defaults={"page"=1}, name="atala_index", methods={"GET"})
+     * @Route("/page{page}", name="atala_index_paginated", methods={"GET"})
      */
     public function index($page)
     {
@@ @@
     /**
      * Creates a new Atala entity.
      *
-     * @Route("/new", name="atala_new")
-     * @Method({"GET", "POST"})
+     * @Route("/new", name="atala_new", methods={"GET", "POST"})
      */
     public function new(Request $request)
     {
@@ @@
     /**
      * Finds and displays a Atala entity.
      *
-     * @Route("/{id}", name="atala_show")
-     * @Method("GET")
+     * @Route("/{id}", name="atala_show", methods={"GET"})
      */
     public function show(Atala $atala): Response
     {
@@ @@
     /**
      * Displays a form to edit an existing Atala entity.
      *
-     * @Route("/{id}/edit", name="atala_edit")
-     * @Method({"GET", "POST"})
+     * @Route("/{id}/edit", name="atala_edit", methods={"GET", "POST"})
      */
     public function edit(Request $request, Atala $atala)
     {
@@ @@
     /**
      * Deletes a Atala entity.
      *
-     * @Route("/{id}", name="atala_delete")
-     * @Method("DELETE")
+     * @Route("/{id}", name="atala_delete", methods={"DELETE"})
      */
     public function delete(Request $request, Atala $atala): RedirectResponse
     {
    ----------- end diff -----------

Applied rules:
 * MergeMethodAnnotationToRouteAnnotationRector


5) src/Controller/AtalaparrafoaController.php:32

    ---------- begin diff ----------
@@ @@
     /**
      * Lists all Atalaparrafoa entities.
      *
-     * @Route("/", name="atalaparrafoa_index")
-     * @Method("GET")
+     * @Route("/", name="atalaparrafoa_index", methods={"GET"})
      */
     public function index()
     {
@@ @@
     /**
      * Creates a new Atalaparrafoa entity.
      *
-     * @Route("/new", name="atalaparrafoa_new")
-     * @Method({"GET", "POST"})
+     * @Route("/new", name="atalaparrafoa_new", methods={"GET", "POST"})
      */
     public function new(Request $request)
     {
@@ @@
     /**
      * Finds and displays a Atalaparrafoa entity.
      *
-     * @Route("/{id}", name="atalaparrafoa_show")
-     * @Method("GET")
+     * @Route("/{id}", name="atalaparrafoa_show", methods={"GET"})
      */
     public function show(Atalaparrafoa $atalaparrafoa): Response
     {
@@ @@
     /**
      * Displays a form to edit an existing Atalaparrafoa entity.
      *
-     * @Route("/{id}/edit", name="atalaparrafoa_edit")
-     * @Method({"GET", "POST"})
+     * @Route("/{id}/edit", name="atalaparrafoa_edit", methods={"GET", "POST"})
      */
     public function edit(Request $request, Atalaparrafoa $atalaparrafoa)
     {
@@ @@
     /**
      * Deletes a Atalaparrafoa entity.
      *
-     * @Route("/{id}", name="atalaparrafoa_delete")
-     * @Method("DELETE")
+     * @Route("/{id}", name="atalaparrafoa_delete", methods={"DELETE"})
      */
     public function delete(Request $request, Atalaparrafoa $atalaparrafoa): RedirectResponse
     {
    ----------- end diff -----------

Applied rules:
 * MergeMethodAnnotationToRouteAnnotationRector


6) src/Controller/AurreikusiController.php:35

    ---------- begin diff ----------
@@ @@
     /**
      * Lists all Aurreikusi entities.
      *
-     * @Route("/", defaults={"page" = 1}, name="aurreikusi_index")
-     * @Route("/page{page}", name="aurreikusi_index_paginated")
-     * @Method("GET")
+     * @Route("/", defaults={"page"=1}, name="aurreikusi_index", methods={"GET"})
+     * @Route("/page{page}", name="aurreikusi_index_paginated", methods={"GET"})
      */
     public function index($page)
     {
@@ @@
     /**
      * Creates a new Aurreikusi entity.
      *
-     * @Route("/new", name="aurreikusi_new")
-     * @Method({"GET", "POST"})
+     * @Route("/new", name="aurreikusi_new", methods={"GET", "POST"})
      */
     public function new(Request $request)
     {
@@ @@
     /**
      * Finds and displays a Aurreikusi entity.
      *
-     * @Route("/{id}", name="aurreikusi_show")
-     * @Method("GET")
+     * @Route("/{id}", name="aurreikusi_show", methods={"GET"})
      */
     public function show(Aurreikusi $aurreikusi): Response
     {
@@ @@
     /**
      * Displays a form to edit an existing Aurreikusi entity.
      *
-     * @Route("/{id}/edit", name="aurreikusi_edit")
-     * @Method({"GET", "POST"})
+     * @Route("/{id}/edit", name="aurreikusi_edit", methods={"GET", "POST"})
      */
     public function edit(Request $request, Aurreikusi $aurreikusi)
     {
@@ @@
     /**
      * Deletes a Aurreikusi entity.
      *
-     * @Route("/{id}", name="aurreikusi_delete")
-     * @Method("DELETE")
+     * @Route("/{id}", name="aurreikusi_delete", methods={"DELETE"})
      */
     public function delete(Request $request, Aurreikusi $aurreikusi): RedirectResponse
     {
    ----------- end diff -----------

Applied rules:
 * MergeMethodAnnotationToRouteAnnotationRector


7) src/Controller/AzpiatalaController.php:37

    ---------- begin diff ----------
@@ @@
     /**
      * Lists all Azpiatala entities.
      *
-     * @Route("/", defaults={"page" = 1}, name="azpiatala_index")
-     * @Route("/page{page}", name="azpiatala_index_paginated")
-     * @Method("GET")
+     * @Route("/", defaults={"page"=1}, name="azpiatala_index", methods={"GET"})
+     * @Route("/page{page}", name="azpiatala_index_paginated", methods={"GET"})
      */
     public function index($page)
     {
@@ @@
     /**
      * Creates a new Azpiatala entity.
      *
-     * @Route("/new", name="azpiatala_new")
-     * @Method({"GET", "POST"})
+     * @Route("/new", name="azpiatala_new", methods={"GET", "POST"})
      */
     public function new(Request $request)
     {
@@ @@
     /**
      * Finds and displays a Azpiatala entity.
      *
-     * @Route("/{id}", name="azpiatala_show")
-     * @Method("GET")
+     * @Route("/{id}", name="azpiatala_show", methods={"GET"})
      */
     public function show(Azpiatala $azpiatala): Response
     {
@@ @@
     /**
      * Displays a form to edit an existing Azpiatala entity.
      *
-     * @Route("/{id}/edit", name="azpiatala_edit")
-     * @Method({"GET", "POST"})
+     * @Route("/{id}/edit", name="azpiatala_edit", methods={"GET", "POST"})
      */
     public function edit(Request $request, Azpiatala $azpiatala)
     {
@@ @@
     /**
      * Deletes a Azpiatala entity.
      *
-     * @Route("/{id}", name="azpiatala_delete")
-     * @Method("DELETE")
+     * @Route("/{id}", name="azpiatala_delete", methods={"DELETE"})
      */
     public function delete(Request $request, Azpiatala $azpiatala): RedirectResponse
     {
    ----------- end diff -----------

Applied rules:
 * MergeMethodAnnotationToRouteAnnotationRector


8) src/Controller/AzpiatalaparrafoaController.php:32

    ---------- begin diff ----------
@@ @@
     /**
      * Lists all Azpiatalaparrafoa entities.
      *
-     * @Route("/", name="azpiatalaparrafoa_index")
-     * @Method("GET")
+     * @Route("/", name="azpiatalaparrafoa_index", methods={"GET"})
      */
     public function index(): Response
     {
@@ @@
     /**
      * Creates a new Azpiatalaparrafoa entity.
      *
-     * @Route("/new", name="azpiatalaparrafoa_new")
-     * @Method({"GET", "POST"})
+     * @Route("/new", name="azpiatalaparrafoa_new", methods={"GET", "POST"})
      */
     public function new(Request $request)
     {
@@ @@
     /**
      * Finds and displays a Azpiatalaparrafoa entity.
      *
-     * @Route("/{id}", name="azpiatalaparrafoa_show")
-     * @Method("GET")
+     * @Route("/{id}", name="azpiatalaparrafoa_show", methods={"GET"})
      */
     public function show(Azpiatalaparrafoa $azpiatalaparrafoa): Response
     {
@@ @@
     /**
      * Displays a form to edit an existing Azpiatalaparrafoa entity.
      *
-     * @Route("/{id}/edit", name="azpiatalaparrafoa_edit")
-     * @Method({"GET", "POST"})
+     * @Route("/{id}/edit", name="azpiatalaparrafoa_edit", methods={"GET", "POST"})
      */
     public function edit(Request $request, Azpiatalaparrafoa $azpiatalaparrafoa)
     {
@@ @@
     /**
      * Deletes a Azpiatalaparrafoa entity.
      *
-     * @Route("/{id}", name="azpiatalaparrafoa_delete")
-     * @Method("DELETE")
+     * @Route("/{id}", name="azpiatalaparrafoa_delete", methods={"DELETE"})
      */
     public function delete(Request $request, Azpiatalaparrafoa $azpiatalaparrafoa): RedirectResponse
     {
    ----------- end diff -----------

Applied rules:
 * MergeMethodAnnotationToRouteAnnotationRector


9) src/Controller/AzpisailaController.php:34

    ---------- begin diff ----------
@@ @@
     /**
      * Lists all Azpisaila entities.
      *
-     * @Route("/", defaults={"page" = 1}, name="azpisaila_index")
-     * @Route("/page{page}", name="azpisaila_index_paginated")
-     * @Method("GET")
+     * @Route("/", defaults={"page"=1}, name="azpisaila_index", methods={"GET"})
+     * @Route("/page{page}", name="azpisaila_index_paginated", methods={"GET"})
      */
     public function index($page)
     {
@@ @@
     /**
      * Creates a new Azpisaila entity.
      *
-     * @Route("/new", name="azpisaila_new")
-     * @Method({"GET", "POST"})
+     * @Route("/new", name="azpisaila_new", methods={"GET", "POST"})
      */
     public function new(Request $request)
     {
@@ @@
     /**
      * Finds and displays a Azpisaila entity.
      *
-     * @Route("/{id}", name="azpisaila_show")
-     * @Method("GET")
+     * @Route("/{id}", name="azpisaila_show", methods={"GET"})
      */
     public function show(Azpisaila $azpisaila): Response
     {
@@ @@
     /**
      * Displays a form to edit an existing Azpisaila entity.
      *
-     * @Route("/{id}/edit", name="azpisaila_edit")
-     * @Method({"GET", "POST"})
+     * @Route("/{id}/edit", name="azpisaila_edit", methods={"GET", "POST"})
      */
     public function edit(Request $request, Azpisaila $azpisaila)
     {
@@ @@
     /**
      * Deletes a Azpisaila entity.
      *
-     * @Route("/{id}", name="azpisaila_delete")
-     * @Method("DELETE")
+     * @Route("/{id}", name="azpisaila_delete", methods={"DELETE"})
      */
     public function delete(Request $request, Azpisaila $azpisaila): RedirectResponse
     {
    ----------- end diff -----------

Applied rules:
 * MergeMethodAnnotationToRouteAnnotationRector


10) src/Controller/BaldintzaController.php:35

    ---------- begin diff ----------
@@ @@
     /**
      * Lists all Baldintza entities.
      *
-     * @Route("/", defaults={"page" = 1}, name="baldintza_index")
-     * @Route("/page{page}", name="baldintza_index_paginated")
-     * @Method("GET")
+     * @Route("/", defaults={"page"=1}, name="baldintza_index", methods={"GET"})
+     * @Route("/page{page}", name="baldintza_index_paginated", methods={"GET"})
      */
     public function index($page)
     {
@@ @@
     /**
      * Creates a new Baldintza entity.
      *
-     * @Route("/new", name="baldintza_new")
-     * @Method({"GET", "POST"})
+     * @Route("/new", name="baldintza_new", methods={"GET", "POST"})
      */
     public function new(Request $request)
     {
@@ @@
     /**
      * Finds and displays a Baldintza entity.
      *
-     * @Route("/{id}", name="baldintza_show")
-     * @Method("GET")
+     * @Route("/{id}", name="baldintza_show", methods={"GET"})
      */
     public function show(Baldintza $baldintza): Response
     {
@@ @@
     /**
      * Displays a form to edit an existing Baldintza entity.
      *
-     * @Route("/{id}/edit", name="baldintza_edit")
-     * @Method({"GET", "POST"})
+     * @Route("/{id}/edit", name="baldintza_edit", methods={"GET", "POST"})
      */
     public function edit(Request $request, Baldintza $baldintza)
     {
@@ @@
     /**
      * Deletes a Baldintza entity.
      *
-     * @Route("/{id}", name="baldintza_delete")
-     * @Method("DELETE")
+     * @Route("/{id}", name="baldintza_delete", methods={"DELETE"})
      */
     public function delete(Request $request, Baldintza $baldintza): RedirectResponse
     {
    ----------- end diff -----------

Applied rules:
 * MergeMethodAnnotationToRouteAnnotationRector


11) src/Controller/BarrutiaController.php:35

    ---------- begin diff ----------
@@ @@
     /**
      * Lists all Barrutia entities.
      *
-     * @Route("/", defaults={"page" = 1}, name="barrutia_index")
-     * @Route("/page{page}", name="barrutia_index_paginated")
-     * @Method("GET")
+     * @Route("/", defaults={"page"=1}, name="barrutia_index", methods={"GET"})
+     * @Route("/page{page}", name="barrutia_index_paginated", methods={"GET"})
      */
     public function index($page)
     {
@@ @@
     /**
      * Creates a new Barrutia entity.
      *
-     * @Route("/new", name="barrutia_new")
-     * @Method({"GET", "POST"})
+     * @Route("/new", name="barrutia_new", methods={"GET", "POST"})
      */
     public function new(Request $request)
     {
@@ @@
     /**
      * Finds and displays a Barrutia entity.
      *
-     * @Route("/{id}", name="barrutia_show")
-     * @Method("GET")
+     * @Route("/{id}", name="barrutia_show", methods={"GET"})
      */
     public function show(Barrutia $barrutium): Response
     {
@@ @@
     /**
      * Displays a form to edit an existing Barrutia entity.
      *
-     * @Route("/{id}/edit", name="barrutia_edit")
-     * @Method({"GET", "POST"})
+     * @Route("/{id}/edit", name="barrutia_edit", methods={"GET", "POST"})
      */
     public function edit(Request $request, Barrutia $barrutium)
     {
@@ @@
     /**
      * Deletes a Barrutia entity.
      *
-     * @Route("/{id}", name="barrutia_delete")
-     * @Method("DELETE")
+     * @Route("/{id}", name="barrutia_delete", methods={"DELETE"})
      */
     public function delete(Request $request, Barrutia $barrutium): RedirectResponse
     {
    ----------- end diff -----------

Applied rules:
 * MergeMethodAnnotationToRouteAnnotationRector


12) src/Controller/Besteak1Controller.php:35

    ---------- begin diff ----------
@@ @@
     /**
      * Lists all Besteak1 entities.
      *
-     * @Route("/", defaults={"page" = 1}, name="besteak1_index")
-     * @Route("/page{page}", name="besteak1_index_paginated") 
-     * @Method("GET")
+     * @Route("/", defaults={"page"=1}, name="besteak1_index", methods={"GET"})
+     * @Route("/page{page}", name="besteak1_index_paginated", methods={"GET"})
      */
     public function index($page)
     {
@@ @@
     /**
      * Creates a new Besteak1 entity.
      *
-     * @Route("/new", name="besteak1_new")
-     * @Method({"GET", "POST"})
+     * @Route("/new", name="besteak1_new", methods={"GET", "POST"})
      */
     public function new(Request $request)
     {
@@ @@
     /**
      * Finds and displays a Besteak1 entity.
      *
-     * @Route("/{id}", name="besteak1_show")
-     * @Method("GET")
+     * @Route("/{id}", name="besteak1_show", methods={"GET"})
      */
     public function show(Besteak1 $besteak1): Response
     {
@@ @@
     /**
      * Displays a form to edit an existing Besteak1 entity.
      *
-     * @Route("/{id}/edit", name="besteak1_edit")
-     * @Method({"GET", "POST"})
+     * @Route("/{id}/edit", name="besteak1_edit", methods={"GET", "POST"})
      */
     public function edit(Request $request, Besteak1 $besteak1)
     {
@@ @@
     /**
      * Deletes a Besteak1 entity.
      *
-     * @Route("/{id}", name="besteak1_delete")
-     * @Method("DELETE")
+     * @Route("/{id}", name="besteak1_delete", methods={"DELETE"})
      */
     public function delete(Request $request, Besteak1 $besteak1): RedirectResponse
     {
    ----------- end diff -----------

Applied rules:
 * MergeMethodAnnotationToRouteAnnotationRector


13) src/Controller/Besteak2Controller.php:35

    ---------- begin diff ----------
@@ @@
     /**
      * Lists all Besteak2 entities.
      *
-     * @Route("/", defaults={"page" = 1}, name="besteak2_index")
-     * @Route("/page{page}", name="besteak2_index_paginated")
-     * @Method("GET")
+     * @Route("/", defaults={"page"=1}, name="besteak2_index", methods={"GET"})
+     * @Route("/page{page}", name="besteak2_index_paginated", methods={"GET"})
      */
     public function index($page)
     {
@@ @@
     /**
      * Creates a new Besteak2 entity.
      *
-     * @Route("/new", name="besteak2_new")
-     * @Method({"GET", "POST"})
+     * @Route("/new", name="besteak2_new", methods={"GET", "POST"})
      */
     public function new(Request $request)
     {
@@ @@
     /**
      * Finds and displays a Besteak2 entity.
      *
-     * @Route("/{id}", name="besteak2_show")
-     * @Method("GET")
+     * @Route("/{id}", name="besteak2_show", methods={"GET"})
      */
     public function show(Besteak2 $besteak2): Response
     {
@@ @@
     /**
      * Displays a form to edit an existing Besteak2 entity.
      *
-     * @Route("/{id}/edit", name="besteak2_edit")
-     * @Method({"GET", "POST"})
+     * @Route("/{id}/edit", name="besteak2_edit", methods={"GET", "POST"})
      */
     public function edit(Request $request, Besteak2 $besteak2)
     {
@@ @@
     /**
      * Deletes a Besteak2 entity.
      *
-     * @Route("/{id}", name="besteak2_delete")
-     * @Method("DELETE")
+     * @Route("/{id}", name="besteak2_delete", methods={"DELETE"})
      */
     public function delete(Request $request, Besteak2 $besteak2): RedirectResponse
     {
    ----------- end diff -----------

Applied rules:
 * MergeMethodAnnotationToRouteAnnotationRector


14) src/Controller/Besteak3Controller.php:33

    ---------- begin diff ----------
@@ @@
     /**
      * Lists all Besteak3 entities.
      *
-     * @Route("/", defaults={"page" = 1}, name="besteak3_index")
-     * @Route("/page{page}", name="besteak3_index_paginated")
-     * @Method("GET")
+     * @Route("/", defaults={"page"=1}, name="besteak3_index", methods={"GET"})
+     * @Route("/page{page}", name="besteak3_index_paginated", methods={"GET"})
      */
     public function index($page)
     {
@@ @@
     /**
      * Creates a new Besteak3 entity.
      *
-     * @Route("/new", name="besteak3_new")
-     * @Method({"GET", "POST"})
+     * @Route("/new", name="besteak3_new", methods={"GET", "POST"})
      */
     public function new(Request $request)
     {
@@ @@
     /**
      * Finds and displays a Besteak3 entity.
      *
-     * @Route("/{id}", name="besteak3_show")
-     * @Method("GET")
+     * @Route("/{id}", name="besteak3_show", methods={"GET"})
      */
     public function show(Besteak3 $besteak3): \Symfony\Component\HttpFoundation\Response
     {
@@ @@
     /**
      * Displays a form to edit an existing Besteak3 entity.
      *
-     * @Route("/{id}/edit", name="besteak3_edit")
-     * @Method({"GET", "POST"})
+     * @Route("/{id}/edit", name="besteak3_edit", methods={"GET", "POST"})
      */
     public function edit(Request $request, Besteak3 $besteak3)
     {
@@ @@
     /**
      * Deletes a Besteak3 entity.
      *
-     * @Route("/{id}", name="besteak3_delete")
-     * @Method("DELETE")
+     * @Route("/{id}", name="besteak3_delete", methods={"DELETE"})
      */
     public function delete(Request $request, Besteak3 $besteak3): \Symfony\Component\HttpFoundation\RedirectResponse
     {
    ----------- end diff -----------

Applied rules:
 * MergeMethodAnnotationToRouteAnnotationRector


15) src/Controller/DatuenbabesaController.php:35

    ---------- begin diff ----------
@@ @@
     /**
      * Lists all Datuenbabesa entities.
      *
-     * @Route("/", defaults={"page" = 1}, name="datuenbabesa_index")
-     * @Route("/page{page}", name="datuenbabesa_index_paginated")
-     * @Method("GET")
+     * @Route("/", defaults={"page"=1}, name="datuenbabesa_index", methods={"GET"})
+     * @Route("/page{page}", name="datuenbabesa_index_paginated", methods={"GET"})
      */
     public function index($page)
     {
@@ @@
     /**
      * Creates a new Datuenbabesa entity.
      *
-     * @Route("/new", name="datuenbabesa_new")
-     * @Method({"GET", "POST"})
+     * @Route("/new", name="datuenbabesa_new", methods={"GET", "POST"})
      */
     public function new(Request $request)
     {
@@ @@
     /**
      * Finds and displays a Datuenbabesa entity.
      *
-     * @Route("/{id}", name="datuenbabesa_show")
-     * @Method("GET")
+     * @Route("/{id}", name="datuenbabesa_show", methods={"GET"})
      */
     public function show(Datuenbabesa $datuenbabesa): Response
     {
@@ @@
     /**
      * Displays a form to edit an existing Datuenbabesa entity.
      *
-     * @Route("/{id}/edit", name="datuenbabesa_edit")
-     * @Method({"GET", "POST"})
+     * @Route("/{id}/edit", name="datuenbabesa_edit", methods={"GET", "POST"})
      */
     public function edit(Request $request, Datuenbabesa $datuenbabesa)
     {
@@ @@
     /**
      * Deletes a Datuenbabesa entity.
      *
-     * @Route("/{id}", name="datuenbabesa_delete")
-     * @Method("DELETE")
+     * @Route("/{id}", name="datuenbabesa_delete", methods={"DELETE"})
      */
     public function delete(Request $request, Datuenbabesa $datuenbabesa): RedirectResponse
     {
    ----------- end diff -----------

Applied rules:
 * MergeMethodAnnotationToRouteAnnotationRector


16) src/Controller/DoklagunController.php:35

    ---------- begin diff ----------
@@ @@
     /**
      * Lists all Doklagun entities.
      *
-     * @Route("/", defaults={"page" = 1}, name="doklagun_index")
-     * @Route("/page{page}", name="doklagun_index_paginated")
-     * @Method("GET")
+     * @Route("/", defaults={"page"=1}, name="doklagun_index", methods={"GET"})
+     * @Route("/page{page}", name="doklagun_index_paginated", methods={"GET"})
      */
     public function index($page)
     {
@@ @@
     /**
      * Creates a new Doklagun entity.
      *
-     * @Route("/new", name="doklagun_new")
-     * @Method({"GET", "POST"})
+     * @Route("/new", name="doklagun_new", methods={"GET", "POST"})
      */
     public function new(Request $request)
     {
@@ @@
     /**
      * Finds and displays a Doklagun entity.
      *
-     * @Route("/{id}", name="doklagun_show")
-     * @Method("GET")
+     * @Route("/{id}", name="doklagun_show", methods={"GET"})
      */
     public function show(Doklagun $doklagun): Response
     {
@@ @@
     /**
      * Displays a form to edit an existing Doklagun entity.
      *
-     * @Route("/{id}/edit", name="doklagun_edit")
-     * @Method({"GET", "POST"})
+     * @Route("/{id}/edit", name="doklagun_edit", methods={"GET", "POST"})
      */
     public function edit(Request $request, Doklagun $doklagun)
     {
@@ @@
     /**
      * Deletes a Doklagun entity.
      *
-     * @Route("/{id}", name="doklagun_delete")
-     * @Method("DELETE")
+     * @Route("/{id}", name="doklagun_delete", methods={"DELETE"})
      */
     public function delete(Request $request, Doklagun $doklagun): RedirectResponse
     {
    ----------- end diff -----------

Applied rules:
 * MergeMethodAnnotationToRouteAnnotationRector


17) src/Controller/DokumentazioaController.php:35

    ---------- begin diff ----------
@@ @@
     /**
      * Lists all Dokumentazioa entities.
      *
-     * @Route("/", defaults={"page" = 1}, name="dokumentazioa_index")
-     * @Route("/page{page}", name="dokumentazioa_index_paginated")
-     * @Method("GET")
+     * @Route("/", defaults={"page"=1}, name="dokumentazioa_index", methods={"GET"})
+     * @Route("/page{page}", name="dokumentazioa_index_paginated", methods={"GET"})
      */
     public function index($page)
     {
@@ @@
     /**
      * Creates a new Dokumentazioa entity.
      *
-     * @Route("/new", name="dokumentazioa_new")
-     * @Method({"GET", "POST"})
+     * @Route("/new", name="dokumentazioa_new", methods={"GET", "POST"})
      */
     public function new(Request $request)
     {
@@ @@
     /**
      * Finds and displays a Dokumentazioa entity.
      *
-     * @Route("/{id}", name="dokumentazioa_show")
-     * @Method("GET")
+     * @Route("/{id}", name="dokumentazioa_show", methods={"GET"})
      */
     public function show(Dokumentazioa $dokumentazioa): Response
     {
@@ @@
     /**
      * Displays a form to edit an existing Dokumentazioa entity.
      *
-     * @Route("/{id}/edit", name="dokumentazioa_edit")
-     * @Method({"GET", "POST"})
+     * @Route("/{id}/edit", name="dokumentazioa_edit", methods={"GET", "POST"})
      */
     public function edit(Request $request, Dokumentazioa $dokumentazioa)
     {
@@ @@
     /**
      * Deletes a Dokumentazioa entity.
      *
-     * @Route("/{id}", name="dokumentazioa_delete")
-     * @Method("DELETE")
+     * @Route("/{id}", name="dokumentazioa_delete", methods={"DELETE"})
      */
     public function delete(Request $request, Dokumentazioa $dokumentazioa): RedirectResponse
     {
    ----------- end diff -----------

Applied rules:
 * MergeMethodAnnotationToRouteAnnotationRector


18) src/Controller/DokumentumotaController.php:35

    ---------- begin diff ----------
@@ @@
     /**
      * Lists all Dokumentumota entities.
      *
-     * @Route("/", defaults={"page" = 1}, name="dokumentumota_index")
-     * @Route("/page{page}", name="dokumentumota_index_paginated") 
-     * @Method("GET")
+     * @Route("/", defaults={"page"=1}, name="dokumentumota_index", methods={"GET"})
+     * @Route("/page{page}", name="dokumentumota_index_paginated", methods={"GET"})
      */
     public function index($page)
     {
@@ @@
     /**
      * Creates a new Dokumentumota entity.
      *
-     * @Route("/new", name="dokumentumota_new")
-     * @Method({"GET", "POST"})
+     * @Route("/new", name="dokumentumota_new", methods={"GET", "POST"})
      */
     public function new(Request $request)
     {
@@ @@
     /**
      * Finds and displays a Dokumentumota entity.
      *
-     * @Route("/{id}", name="dokumentumota_show")
-     * @Method("GET")
+     * @Route("/{id}", name="dokumentumota_show", methods={"GET"})
      */
     public function show(Dokumentumota $dokumentumotum): Response
     {
@@ @@
     /**
      * Displays a form to edit an existing Dokumentumota entity.
      *
-     * @Route("/{id}/edit", name="dokumentumota_edit")
-     * @Method({"GET", "POST"})
+     * @Route("/{id}/edit", name="dokumentumota_edit", methods={"GET", "POST"})
      */
     public function edit(Request $request, Dokumentumota $dokumentumotum)
     {
@@ @@
     /**
      * Deletes a Dokumentumota entity.
      *
-     * @Route("/{id}", name="dokumentumota_delete")
-     * @Method("DELETE")
+     * @Route("/{id}", name="dokumentumota_delete", methods={"DELETE"})
      */
     public function delete(Request $request, Dokumentumota $dokumentumotum): RedirectResponse
     {
    ----------- end diff -----------

Applied rules:
 * MergeMethodAnnotationToRouteAnnotationRector


19) src/Controller/EraikinaController.php:35

    ---------- begin diff ----------
@@ @@
     /**
      * Lists all Eraikina entities.
      *
-     * @Route("/", name="eraikina_index")
-     * @Route("/", defaults={"page" = 1}, name="eraikina_index")
-     * @Route("/page{page}", name="eraikina_index_paginated")
-     * @Method("GET")
+     * @Route("/", name="eraikina_index", methods={"GET"})
+     * @Route("/", defaults={"page"=1}, name="eraikina_index", methods={"GET"})
+     * @Route("/page{page}", name="eraikina_index_paginated", methods={"GET"})
      */
     public function index($page)
     {
@@ @@
     /**
      * Creates a new Eraikina entity.
      *
-     * @Route("/new", name="eraikina_new")
-     * @Method({"GET", "POST"})
+     * @Route("/new", name="eraikina_new", methods={"GET", "POST"})
      */
     public function new(Request $request)
     {
@@ @@
     /**
      * Finds and displays a Eraikina entity.
      *
-     * @Route("/{id}", name="eraikina_show")
-     * @Method("GET")
+     * @Route("/{id}", name="eraikina_show", methods={"GET"})
      */
     public function show(Eraikina $eraikina): Response
     {
@@ @@
     /**
      * Displays a form to edit an existing Eraikina entity.
      *
-     * @Route("/{id}/edit", name="eraikina_edit")
-     * @Method({"GET", "POST"})
+     * @Route("/{id}/edit", name="eraikina_edit", methods={"GET", "POST"})
      * @param Request  $request
      * @param Eraikina $eraikina
-     *
      * @return Response
      */
     public function edit(Request $request, Eraikina $eraikina)
@@ @@
     /**
      * Deletes a Eraikina entity.
      *
-     * @Route("/{id}", name="eraikina_delete")
-     * @Method("DELETE")
+     * @Route("/{id}", name="eraikina_delete", methods={"DELETE"})
      */
     public function delete(Request $request, Eraikina $eraikina): RedirectResponse
     {
    ----------- end diff -----------

Applied rules:
 * MergeMethodAnnotationToRouteAnnotationRector


20) src/Controller/EremuakController.php:34

    ---------- begin diff ----------
@@ @@
     /**
      * Lists all Eremuak entities.
      *
-     * @Route("/", defaults={"page" = 1}, name="eremuak_index")
-     * @Route("/page{page}", name="eremuak_index_paginated")
-     * @Method("GET")
+     * @Route("/", defaults={"page"=1}, name="eremuak_index", methods={"GET"})
+     * @Route("/page{page}", name="eremuak_index_paginated", methods={"GET"})
      */
     public function index($page)
     {
@@ @@
     /**
      * Creates a new Eremuak entity.
      *
-     * @Route("/new", name="eremuak_new")
-     * @Method({"GET", "POST"})
+     * @Route("/new", name="eremuak_new", methods={"GET", "POST"})
      */
     public function new(Request $request)
     {
@@ @@
     /**
      * Finds and displays a Eremuak entity.
      *
-     * @Route("/{id}", name="eremuak_show")
-     * @Method("GET")
+     * @Route("/{id}", name="eremuak_show", methods={"GET"})
      */
     public function show(Eremuak $eremuak): Response
     {
@@ @@
     /**
      * Displays a form to edit an existing Eremuak entity.
      *
-     * @Route("/{id}/edit", name="eremuak_edit")
-     * @Method({"GET", "POST"})
+     * @Route("/{id}/edit", name="eremuak_edit", methods={"GET", "POST"})
      */
     public function edit(Request $request, Eremuak $eremuak)
     {
@@ @@
     /**
      * Deletes a Eremuak entity.
      *
-     * @Route("/{id}", name="eremuak_delete")
-     * @Method("DELETE")
+     * @Route("/{id}", name="eremuak_delete", methods={"DELETE"})
      */
     public function delete(Request $request, Eremuak $eremuak): RedirectResponse
     {
    ----------- end diff -----------

Applied rules:
 * MergeMethodAnnotationToRouteAnnotationRector


21) src/Controller/EspedientekudeaketaController.php:34

    ---------- begin diff ----------
@@ @@
     /**
      * Lists all Espedientekudeaketa entities.
      *
-     * @Route("/", defaults={"page" = 1}, name="espedientekudeaketa_index")
-     * @Route("/page{page}", name="espedientekudeaketa_index_paginated")
-     * @Method("GET")
+     * @Route("/", defaults={"page"=1}, name="espedientekudeaketa_index", methods={"GET"})
+     * @Route("/page{page}", name="espedientekudeaketa_index_paginated", methods={"GET"})
      */
     public function index($page)
     {
@@ @@
     /**
      * Creates a new Espedientekudeaketa entity.
      *
-     * @Route("/new", name="espedientekudeaketa_new")
-     * @Method({"GET", "POST"})
+     * @Route("/new", name="espedientekudeaketa_new", methods={"GET", "POST"})
      */
     public function new(Request $request)
     {
@@ @@
     /**
      * Finds and displays a Espedientekudeaketa entity.
      *
-     * @Route("/{id}", name="espedientekudeaketa_show")
-     * @Method("GET")
+     * @Route("/{id}", name="espedientekudeaketa_show", methods={"GET"})
      */
     public function show(Espedientekudeaketa $espedientekudeaketum): Response
     {
@@ @@
     /**
      * Displays a form to edit an existing Espedientekudeaketa entity.
      *
-     * @Route("/{id}/edit", name="espedientekudeaketa_edit")
-     * @Method({"GET", "POST"})
+     * @Route("/{id}/edit", name="espedientekudeaketa_edit", methods={"GET", "POST"})
      */
     public function edit(Request $request, Espedientekudeaketa $espedientekudeaketum)
     {
@@ @@
     /**
      * Deletes a Espedientekudeaketa entity.
      *
-     * @Route("/{id}", name="espedientekudeaketa_delete")
-     * @Method("DELETE")
+     * @Route("/{id}", name="espedientekudeaketa_delete", methods={"DELETE"})
      */
     public function delete(Request $request, Espedientekudeaketa $espedientekudeaketum): RedirectResponse
     {
    ----------- end diff -----------

Applied rules:
 * MergeMethodAnnotationToRouteAnnotationRector


22) src/Controller/EtiketaController.php:34

    ---------- begin diff ----------
@@ @@
     /**
      * Lists all Etiketa entities.
      *
-     * @Route("/", defaults={"page" = 1}, name="etiketa_index")
-     * @Route("/page{page}", name="etiketa_index_paginated")
-     * @Method("GET")
+     * @Route("/", defaults={"page"=1}, name="etiketa_index", methods={"GET"})
+     * @Route("/page{page}", name="etiketa_index_paginated", methods={"GET"})
      */
     public function index($page)
     {
@@ @@
     /**
      * Creates a new Etiketa entity.
      *
-     * @Route("/new", name="etiketa_new")
-     * @Method({"GET", "POST"})
+     * @Route("/new", name="etiketa_new", methods={"GET", "POST"})
      */
     public function new(Request $request)
     {
@@ @@
     /**
      * Finds and displays a Etiketa entity.
      *
-     * @Route("/{id}", name="etiketa_show")
-     * @Method("GET")
+     * @Route("/{id}", name="etiketa_show", methods={"GET"})
      */
     public function show(Etiketa $etiketum): Response
     {
@@ @@
     /**
      * Displays a form to edit an existing Etiketa entity.
      *
-     * @Route("/{id}/edit", name="etiketa_edit")
-     * @Method({"GET", "POST"})
+     * @Route("/{id}/edit", name="etiketa_edit", methods={"GET", "POST"})
      */
     public function edit(Request $request, Etiketa $etiketum)
     {
@@ @@
     /**
      * Deletes a Etiketa entity.
      *
-     * @Route("/{id}", name="etiketa_delete")
-     * @Method("DELETE")
+     * @Route("/{id}", name="etiketa_delete", methods={"DELETE"})
      */
     public function delete(Request $request, Etiketa $etiketum): RedirectResponse
     {
    ----------- end diff -----------

Applied rules:
 * MergeMethodAnnotationToRouteAnnotationRector


23) src/Controller/FamiliaController.php:35

    ---------- begin diff ----------
@@ @@
     /**
      * Lists all Familia entities.
      *
-     * @Route("/", defaults={"page" = 1}, name="familia_index")
-     * @Route("/page{page}", name="familia_index_paginated")
-     * @Method("GET")
+     * @Route("/", defaults={"page"=1}, name="familia_index", methods={"GET"})
+     * @Route("/page{page}", name="familia_index_paginated", methods={"GET"})
      */
     public function index ( $page )
     {
@@ @@
     /**
      * Creates a new Familia entity.
      *
-     * @Route("/new", name="familia_new")
-     * @Method({"GET", "POST"})
+     * @Route("/new", name="familia_new", methods={"GET", "POST"})
      */
     public function new ( Request $request )
     {
@@ @@
     /**
      * Displays a form to edit an existing Familia entity.
      *
-     * @Route("/{id}/edit", name="familia_edit")
-     * @Method({"GET", "POST"})
+     * @Route("/{id}/edit", name="familia_edit", methods={"GET", "POST"})
      */
     public function edit ( Request $request, Familia $familium )
     {
@@ @@
     /**
      * Finds and displays a Familia entity.
      *
-     * @Route("/{id}", name="familia_show")
-     * @Method("GET")
+     * @Route("/{id}", name="familia_show", methods={"GET"})
      */
     public function show ( Familia $familium ): Response
     {
    ----------- end diff -----------

Applied rules:
 * MergeMethodAnnotationToRouteAnnotationRector


24) src/Controller/FitxaController.php:54

    ---------- begin diff ----------
@@ @@
     /**
      * Lists all Fitxa entities.
      *
-     * @Route("/", name="fitxa_index")
-     * @Method("GET")
+     * @Route("/", name="fitxa_index", methods={"GET"})
      */
     public function index()
     {
@@ @@
     /**
      * Creates a new Fitxa entity.
      *
-     * @Route("/new", name="fitxa_new")
-     * @Method({"GET", "POST"})
+     * @Route("/new", name="fitxa_new", methods={"GET", "POST"})
      * @param Request $request
-     *
      * @return RedirectResponse|Response
      */
     public function new( Request $request )
@@ @@
     /**
      * Finds and displays a Fitxa entity.
      *
-     * @Route("/{id}", name="fitxa_show")
-     * @Method("GET")
+     * @Route("/{id}", name="fitxa_show", methods={"GET"})
      * @param Fitxa $fitxa
-     *
      * @return Response
      */
     public function show( Fitxa $fitxa ): Response
@@ @@

     /**
      * Fitxa bakoitzaren dokumentazio laguntzailearen pdf bat sortu
-     * @Route("/pdf/all/doklagun/{id}", name="doklagun_guztiak_pdf")
-     * @Method("GET")
+     * @Route("/pdf/all/doklagun/{id}", name="doklagun_guztiak_pdf", methods={"GET"})
      */
-    
     public function pdfAllDokLagn ( $id = null ) {
 	$user = $this->getUser();
 	$roles = $user->getRoles();
@@ @@

     /**
      * Fitxa guztiekin pdf bat sortu
-     * @Route("/pdf/all/{id}", name="fitxa_guztiak_pdf")
-     * @Method("GET")
+     * @Route("/pdf/all/{id}", name="fitxa_guztiak_pdf", methods={"GET"})
      */
-    
     public function pdfAll ( $id = null ) {
 	$user = $this->getUser();
 	$roles = $user->getRoles();
@@ @@
         /**
      * Finds and displays a Fitxa entity.
      *
-     * @Route("/pdf/{id}", name="fitxa_pdf")
-     * @Method("GET")
+     * @Route("/pdf/{id}", name="fitxa_pdf", methods={"GET"})
      * @param Fitxa $fitxa
      */
     public function pdf( Fitxa $fitxa )
@@ @@
     /**
      * Displays a form to edit an existing Fitxa entity.
      *
-     * @Route("/{id}/edit", name="fitxa_edit")
-     * @Method({"GET", "POST"})
+     * @Route("/{id}/edit", name="fitxa_edit", methods={"GET", "POST"})
      * @param Request $request
      * @param Fitxa   $fitxa
-     *
      * @return RedirectResponse|Response
      */
     public function edit( Request $request, Fitxa $fitxa )
@@ @@
     /**
      * Deletes a Fitxa entity.
      *
-     * @Route("/{id}/del", name="fitxa_delete")
-     * @Method("DELETE")
+     * @Route("/{id}/del", name="fitxa_delete", methods={"DELETE"})
      * @param Request $request
      * @param Fitxa   $fitxa
-     *
      * @return RedirectResponse
      */
     public function delete( Request $request, Fitxa $fitxa ): RedirectResponse
    ----------- end diff -----------

Applied rules:
 * MergeMethodAnnotationToRouteAnnotationRector


25) src/Controller/FitxaProzeduraController.php:32

    ---------- begin diff ----------
@@ @@
     /**
      * Lists all FitxaProzedura entities.
      *
-     * @Route("/", name="fitxaprozedura_index")
-     * @Method("GET")
+     * @Route("/", name="fitxaprozedura_index", methods={"GET"})
      */
     public function index(): Response
     {
@@ @@
     /**
      * Creates a new FitxaProzedura entity.
      *
-     * @Route("/new", name="fitxaprozedura_new")
-     * @Method({"GET", "POST"})
+     * @Route("/new", name="fitxaprozedura_new", methods={"GET", "POST"})
      */
     public function new(Request $request)
     {
@@ @@
     /**
      * Finds and displays a FitxaProzedura entity.
      *
-     * @Route("/{id}", name="fitxaprozedura_show")
-     * @Method("GET")
+     * @Route("/{id}", name="fitxaprozedura_show", methods={"GET"})
      */
     public function show(FitxaProzedura $fitxaProzedura): Response
     {
@@ @@
     /**
      * Displays a form to edit an existing FitxaProzedura entity.
      *
-     * @Route("/{id}/edit", name="fitxaprozedura_edit")
-     * @Method({"GET", "POST"})
+     * @Route("/{id}/edit", name="fitxaprozedura_edit", methods={"GET", "POST"})
      */
     public function edit(Request $request, FitxaProzedura $fitxaProzedura)
     {
@@ @@
     /**
      * Deletes a FitxaProzedura entity.
      *
-     * @Route("/{id}", name="fitxaprozedura_delete")
-     * @Method("DELETE")
+     * @Route("/{id}", name="fitxaprozedura_delete", methods={"DELETE"})
      */
     public function delete(Request $request, FitxaProzedura $fitxaProzedura): RedirectResponse
     {
    ----------- end diff -----------

Applied rules:
 * MergeMethodAnnotationToRouteAnnotationRector


26) src/Controller/FitxafamiliaController.php:33

    ---------- begin diff ----------
@@ @@
     /**
      * Fitxa-Familiak ordena duen ikusi.
      *
-     * @Route("/api/fitxafamiliakordenadauka/{id}/{fitxa_id}/{familia_id}", name="api_fitxafamiliahasorden", options={"expose"=true})
-     * @Method("GET")
+     * @Route("/api/fitxafamiliakordenadauka/{id}/{fitxa_id}/{familia_id}", name="api_fitxafamiliahasorden", options={"expose"=true}, methods={"GET"})
      */
     public function fitxafamiliahasorden ( $id, $fitxa_id, $familia_id )
     {
@@ @@
     /**
      * Fitxa-Familiak datooren ordena eman.
      *
-     * @Route("/api/fitxafamilianextorden/{fitxa_id}/{familia_id}", name="api_fitxafamilianextorden", options={"expose"=true})
-     * @Method("GET")
+     * @Route("/api/fitxafamilianextorden/{fitxa_id}/{familia_id}", name="api_fitxafamilianextorden", options={"expose"=true}, methods={"GET"})
      */
     public function fitxafamilianextorden ( $fitxa_id, $familia_id )
     {
@@ @@
     /**
      * Lists all Fitxafamilia entities.
      *
-     * @Route("/", name="fitxafamilia_index")
-     * @Method("GET")
+     * @Route("/", name="fitxafamilia_index", methods={"GET"})
      */
     public function index (): Response
     {
@@ @@
     /**
      * Creates a new Fitxafamilia entity.
      *
-     * @Route("/newfromfitxa", name="fitxafamilia_newfromfitxa")
-     * @Method({"GET", "POST"})
+     * @Route("/newfromfitxa", name="fitxafamilia_newfromfitxa", methods={"GET", "POST"})
      */
     public function newfromfitxa ( Request $request )
     {
@@ @@
     /**
      * Creates a new Fitxafamilia entity.
      *
-     * @Route("/new", name="fitxafamilia_new")
-     * @Method({"GET", "POST"})
+     * @Route("/new", name="fitxafamilia_new", methods={"GET", "POST"})
      */
     public function new ( Request $request )
     {
@@ @@
     /**
      * Finds and displays a Fitxafamilia entity.
      *
-     * @Route("/{id}", name="fitxafamilia_show")
-     * @Method("GET")
+     * @Route("/{id}", name="fitxafamilia_show", methods={"GET"})
      */
     public function show ( Fitxafamilia $fitxafamilium ): Response
     {
@@ @@
     /**
      * Displays a form to edit an existing Fitxafamilia entity.
      *
-     * @Route("/{id}/edit", name="fitxafamilia_edit", options={"expose"=true})
-     * @Method({"GET", "POST"})
+     * @Route("/{id}/edit", name="fitxafamilia_edit", options={"expose"=true}, methods={"GET", "POST"})
      */
     public function edit ( Request $request, Fitxafamilia $fitxafamilium )
     {
@@ @@
     /**
      * Deletes a Fitxafamilia entity.
      *
-     * @Route("/{id}", name="fitxafamilia_delete", options={"expose"=true})
-     * @Method("DELETE")
+     * @Route("/{id}", name="fitxafamilia_delete", options={"expose"=true}, methods={"DELETE"})
      */
     public function delete ( Request $request, Fitxafamilia $fitxafamilium )
     {
    ----------- end diff -----------

Applied rules:
 * MergeMethodAnnotationToRouteAnnotationRector


27) src/Controller/FrontendController.php:73

    ---------- begin diff ----------
@@ @@
     /**
      * Finds and displays a Fitxa entity.
      *
-     * @Route("/{udala}/{_locale}/{id}", name="frontend_fitxa_show",
-     *         requirements={
-     *           "_locale": "eu|es",
-     *           "udala": "\d+"
-     *           }
-     * )
-     * @Method("GET")
+     * @Route("/{udala}/{_locale}/{id}", name="frontend_fitxa_show", requirements={"_locale"="eu|es", "udala"="\d+"}, methods={"GET"})
      */
     public function show ( Fitxa $fitxa, int $udala ): Response
     {
@@ @@
     /**
      * Finds and displays a Fitxa entity.
      *
-     * @Route("/{udala}/{_locale}/pdf/{id}/doklagun", name="frontend_pdf_doklagun")
-     * @Method("GET")
+     * @Route("/{udala}/{_locale}/pdf/{id}/doklagun", name="frontend_pdf_doklagun", methods={"GET"})
      */
     public function pdfDocLagun ( Fitxa $fitxa, $udala )
     {
@@ @@
     /**
      * Finds and displays a Fitxa entity.
      *
-     * @Route("/{udala}/{_locale}/pdf/{id}", name="frontend_fitxa_pdf")
-     * @Method("GET")
+     * @Route("/{udala}/{_locale}/pdf/{id}", name="frontend_fitxa_pdf", methods={"GET"})
      */
     public function pdf ( Fitxa $fitxa, $udala )
     {
@@ @@
     /**
      * Finds and displays a Fitxa entity.
      *
-     * @Route("/{udala}/{_locale}/pdfelebi/{id}", name="frontend_fitxa_pdfelebi")
-     * @Method("GET")
+     * @Route("/{udala}/{_locale}/pdfelebi/{id}", name="frontend_fitxa_pdfelebi", methods={"GET"})
      */
     public function pdfelebi ( Fitxa $fitxa, $udala )
     {
    ----------- end diff -----------

Applied rules:
 * MergeMethodAnnotationToRouteAnnotationRector


28) src/Controller/IsiltasunAdministratiboaController.php:34

    ---------- begin diff ----------
@@ @@
     /**
      * Lists all IsiltasunAdministratiboa entities.
      *
-     * @Route("/", name="isiltasunadministratiboa_index")
-     * @Route("/", defaults={"page" = 1}, name="isiltasunadministratiboa_index")
-     * @Route("/page{page}", name="isiltasunadministratiboa_index_paginated")
-     * @Method("GET")
+     * @Route("/", name="isiltasunadministratiboa_index", methods={"GET"})
+     * @Route("/", defaults={"page"=1}, name="isiltasunadministratiboa_index", methods={"GET"})
+     * @Route("/page{page}", name="isiltasunadministratiboa_index_paginated", methods={"GET"})
      */
     public function index($page)
     {
@@ @@
     /**
      * Creates a new IsiltasunAdministratiboa entity.
      *
-     * @Route("/new", name="isiltasunadministratiboa_new")
-     * @Method({"GET", "POST"})
+     * @Route("/new", name="isiltasunadministratiboa_new", methods={"GET", "POST"})
      */
     public function new(Request $request)
     {
@@ @@
     /**
      * Finds and displays a IsiltasunAdministratiboa entity.
      *
-     * @Route("/{id}", name="isiltasunadministratiboa_show")
-     * @Method("GET")
+     * @Route("/{id}", name="isiltasunadministratiboa_show", methods={"GET"})
      */
     public function show(IsiltasunAdministratiboa $isiltasunAdministratiboa): Response
     {
@@ @@
     /**
      * Displays a form to edit an existing IsiltasunAdministratiboa entity.
      *
-     * @Route("/{id}/edit", name="isiltasunadministratiboa_edit")
-     * @Method({"GET", "POST"})
+     * @Route("/{id}/edit", name="isiltasunadministratiboa_edit", methods={"GET", "POST"})
      */
     public function edit(Request $request, IsiltasunAdministratiboa $isiltasunAdministratiboa)
     {
@@ @@
     /**
      * Deletes a IsiltasunAdministratiboa entity.
      *
-     * @Route("/{id}", name="isiltasunadministratiboa_delete")
-     * @Method("DELETE")
+     * @Route("/{id}", name="isiltasunadministratiboa_delete", methods={"DELETE"})
      */
     public function delete(Request $request, IsiltasunAdministratiboa $isiltasunAdministratiboa): RedirectResponse
     {
    ----------- end diff -----------

Applied rules:
 * MergeMethodAnnotationToRouteAnnotationRector


29) src/Controller/KaleaController.php:34

    ---------- begin diff ----------
@@ @@
     /**
      * Lists all Kalea entities.
      *
-     * @Route("/", name="kalea_index")
-     * @Method("GET")
+     * @Route("/", name="kalea_index", methods={"GET"})
      */
     public function index()
     {
@@ @@
     /**
      * Creates a new Kalea entity.
      *
-     * @Route("/new", name="kalea_new")
-     * @Method({"GET", "POST"})
+     * @Route("/new", name="kalea_new", methods={"GET", "POST"})
      */
     public function new(Request $request)
     {
@@ @@
     /**
      * Finds and displays a Kalea entity.
      *
-     * @Route("/{id}", name="kalea_show")
-     * @Method("GET")
+     * @Route("/{id}", name="kalea_show", methods={"GET"})
      */
     public function show(Kalea $kalea): Response
     {
@@ @@
     /**
      * Displays a form to edit an existing Kalea entity.
      *
-     * @Route("/{id}/edit", name="kalea_edit")
-     * @Method({"GET", "POST"})
+     * @Route("/{id}/edit", name="kalea_edit", methods={"GET", "POST"})
      */
     public function edit(Request $request, Kalea $kalea)
     {
@@ @@
     /**
      * Deletes a Kalea entity.
      *
-     * @Route("/{id}", name="kalea_delete")
-     * @Method("DELETE")
+     * @Route("/{id}", name="kalea_delete", methods={"DELETE"})
      */
     public function delete(Request $request, Kalea $kalea): RedirectResponse
     {
    ----------- end diff -----------

Applied rules:
 * MergeMethodAnnotationToRouteAnnotationRector


30) src/Controller/KanalaController.php:34

    ---------- begin diff ----------
@@ @@
     /**
      * Lists all Kanala entities.
      *
-     * @Route("/", defaults={"page" = 1}, name="kanala_index")
-     * @Route("/page{page}", name="kanala_index_paginated") 
-     * @Method("GET")
+     * @Route("/", defaults={"page"=1}, name="kanala_index", methods={"GET"})
+     * @Route("/page{page}", name="kanala_index_paginated", methods={"GET"})
      */
     public function index($page)
     {
@@ @@
     /**
      * Creates a new Kanala entity.
      *
-     * @Route("/new", name="kanala_new")
-     * @Method({"GET", "POST"})
+     * @Route("/new", name="kanala_new", methods={"GET", "POST"})
      */
     public function new(Request $request)
     {
@@ @@
     /**
      * Finds and displays a Kanala entity.
      *
-     * @Route("/{id}", name="kanala_show")
-     * @Method("GET")
+     * @Route("/{id}", name="kanala_show", methods={"GET"})
      */
     public function show(Kanala $kanala): Response
     {
@@ @@
     /**
      * Displays a form to edit an existing Kanala entity.
      *
-     * @Route("/{id}/edit", name="kanala_edit")
-     * @Method({"GET", "POST"})
+     * @Route("/{id}/edit", name="kanala_edit", methods={"GET", "POST"})
      */
     public function edit(Request $request, Kanala $kanala)
     {
@@ @@
     /**
      * Deletes a Kanala entity.
      *
-     * @Route("/{id}", name="kanala_delete")
-     * @Method("DELETE")
+     * @Route("/{id}", name="kanala_delete", methods={"DELETE"})
      */
     public function delete(Request $request, Kanala $kanala): RedirectResponse
     {
    ----------- end diff -----------

Applied rules:
 * MergeMethodAnnotationToRouteAnnotationRector


31) src/Controller/KanalmotaController.php:34

    ---------- begin diff ----------
@@ @@
     /**
      * Lists all Kanalmota entities.
      *
-     * @Route("/", defaults={"page" = 1}, name="kanalmota_index")
-     * @Route("/page{page}", name="kanalmota_index_paginated")
-     * @Method("GET")
+     * @Route("/", defaults={"page"=1}, name="kanalmota_index", methods={"GET"})
+     * @Route("/page{page}", name="kanalmota_index_paginated", methods={"GET"})
      */
     public function index($page)
     {
@@ @@
     /**
      * Creates a new Kanalmota entity.
      *
-     * @Route("/new", name="kanalmota_new")
-     * @Method({"GET", "POST"})
+     * @Route("/new", name="kanalmota_new", methods={"GET", "POST"})
      */
     public function new(Request $request)
     {
@@ @@
     /**
      * Finds and displays a Kanalmota entity.
      *
-     * @Route("/{id}", name="kanalmota_show")
-     * @Method("GET")
+     * @Route("/{id}", name="kanalmota_show", methods={"GET"})
      */
     public function show(Kanalmota $kanalmotum): Response
     {
@@ @@
     /**
      * Displays a form to edit an existing Kanalmota entity.
      *
-     * @Route("/{id}/edit", name="kanalmota_edit")
-     * @Method({"GET", "POST"})
+     * @Route("/{id}/edit", name="kanalmota_edit", methods={"GET", "POST"})
      */
     public function edit(Request $request, Kanalmota $kanalmotum)
     {
@@ @@
     /**
      * Deletes a Kanalmota entity.
      *
-     * @Route("/{id}", name="kanalmota_delete")
-     * @Method("DELETE")
+     * @Route("/{id}", name="kanalmota_delete", methods={"DELETE"})
      */
     public function delete(Request $request, Kanalmota $kanalmotum): RedirectResponse
     {
    ----------- end diff -----------

Applied rules:
 * MergeMethodAnnotationToRouteAnnotationRector


32) src/Controller/KontzeptuaController.php:31

    ---------- begin diff ----------
@@ @@
     /**
      * Lists all Kontzeptua entities.
      *
-     * @Route("/", name="kontzeptua_index")
-     * @Method("GET")
+     * @Route("/", name="kontzeptua_index", methods={"GET"})
      */
     public function index()
     {
@@ @@
     /**
      * Creates a new Kontzeptua entity.
      *
-     * @Route("/new", name="kontzeptua_new")
-     * @Method({"GET", "POST"})
+     * @Route("/new", name="kontzeptua_new", methods={"GET", "POST"})
      */
     public function new(Request $request)
     {
@@ @@
     /**
      * Finds and displays a Kontzeptua entity.
      *
-     * @Route("/{id}", name="kontzeptua_show")
-     * @Method("GET")
+     * @Route("/{id}", name="kontzeptua_show", methods={"GET"})
      */
     public function show(Kontzeptua $kontzeptua): Response
     {
@@ @@
     /**
      * Displays a form to edit an existing Kontzeptua entity.
      *
-     * @Route("/{id}/edit", name="kontzeptua_edit")
-     * @Method({"GET", "POST"})
+     * @Route("/{id}/edit", name="kontzeptua_edit", methods={"GET", "POST"})
      */
     public function edit(Request $request, Kontzeptua $kontzeptua)
     {
@@ @@
     /**
      * Deletes a Kontzeptua entity.
      *
-     * @Route("/{id}", name="kontzeptua_delete")
-     * @Method("DELETE")
+     * @Route("/{id}", name="kontzeptua_delete", methods={"DELETE"})
      */
     public function delete(Request $request, Kontzeptua $kontzeptua): RedirectResponse
     {
    ----------- end diff -----------

Applied rules:
 * MergeMethodAnnotationToRouteAnnotationRector


33) src/Controller/KontzeptumotaController.php:32

    ---------- begin diff ----------
@@ @@
     /**
      * Lists all Kontzeptumota entities.
      *
-     * @Route("/", defaults={"page" = 1}, name="kontzeptumota_index")
-     * @Route("/page{page}", name="kontzeptumota_index_paginated")
-     * @Method("GET")
+     * @Route("/", defaults={"page"=1}, name="kontzeptumota_index", methods={"GET"})
+     * @Route("/page{page}", name="kontzeptumota_index_paginated", methods={"GET"})
      */
     public function index($page)
     {
@@ @@
     /**
      * Creates a new Kontzeptumota entity.
      *
-     * @Route("/new", name="kontzeptumota_new")
-     * @Method({"GET", "POST"})
+     * @Route("/new", name="kontzeptumota_new", methods={"GET", "POST"})
      */
     public function new(Request $request)
     {
@@ @@
     /**
      * Finds and displays a Kontzeptumota entity.
      *
-     * @Route("/{id}", name="kontzeptumota_show")
-     * @Method("GET")
+     * @Route("/{id}", name="kontzeptumota_show", methods={"GET"})
      */
     public function show(Kontzeptumota $kontzeptumotum): \Symfony\Component\HttpFoundation\Response
     {
@@ @@
     /**
      * Displays a form to edit an existing Kontzeptumota entity.
      *
-     * @Route("/{id}/edit", name="kontzeptumota_edit")
-     * @Method({"GET", "POST"})
+     * @Route("/{id}/edit", name="kontzeptumota_edit", methods={"GET", "POST"})
      */
     public function edit(Request $request, Kontzeptumota $kontzeptumotum)
     {
@@ @@
     /**
      * Deletes a Kontzeptumota entity.
      *
-     * @Route("/{id}", name="kontzeptumota_delete")
-     * @Method("DELETE")
+     * @Route("/{id}", name="kontzeptumota_delete", methods={"DELETE"})
      */
     public function delete(Request $request, Kontzeptumota $kontzeptumotum): \Symfony\Component\HttpFoundation\RedirectResponse
     {
    ----------- end diff -----------

Applied rules:
 * MergeMethodAnnotationToRouteAnnotationRector


34) src/Controller/NorkebatziController.php:35

    ---------- begin diff ----------
@@ @@
     /**
      * Lists all Norkebatzi entities.
      *
-     * @Route("/", defaults={"page" = 1}, name="norkebatzi_index")
-     * @Route("/page{page}", name="norkebatzi_index_paginated")
-     * @Method("GET")
+     * @Route("/", defaults={"page"=1}, name="norkebatzi_index", methods={"GET"})
+     * @Route("/page{page}", name="norkebatzi_index_paginated", methods={"GET"})
      */
     public function index($page)
     {
@@ @@
     /**
      * Creates a new Norkebatzi entity.
      *
-     * @Route("/new", name="norkebatzi_new")
-     * @Method({"GET", "POST"})
+     * @Route("/new", name="norkebatzi_new", methods={"GET", "POST"})
      */
     public function new(Request $request)
     {
@@ @@
     /**
      * Finds and displays a Norkebatzi entity.
      *
-     * @Route("/{id}", name="norkebatzi_show")
-     * @Method("GET")
+     * @Route("/{id}", name="norkebatzi_show", methods={"GET"})
      */
     public function show(Norkebatzi $norkebatzi): Response
     {
@@ @@
     /**
      * Displays a form to edit an existing Norkebatzi entity.
      *
-     * @Route("/{id}/edit", name="norkebatzi_edit")
-     * @Method({"GET", "POST"})
+     * @Route("/{id}/edit", name="norkebatzi_edit", methods={"GET", "POST"})
      */
     public function edit(Request $request, Norkebatzi $norkebatzi)
     {
@@ @@
     /**
      * Deletes a Norkebatzi entity.
      *
-     * @Route("/{id}", name="norkebatzi_delete")
-     * @Method("DELETE")
+     * @Route("/{id}", name="norkebatzi_delete", methods={"DELETE"})
      */
     public function delete(Request $request, Norkebatzi $norkebatzi): RedirectResponse
     {
    ----------- end diff -----------

Applied rules:
 * MergeMethodAnnotationToRouteAnnotationRector


35) src/Controller/NorkeskatuController.php:34

    ---------- begin diff ----------
@@ @@
     /**
      * Lists all Norkeskatu entities.
      *
-     * @Route("/", defaults={"page" = 1}, name="norkeskatu_index")
-     * @Route("/page{page}", name="norkeskatu_index_paginated")
-     * @Method("GET")
+     * @Route("/", defaults={"page"=1}, name="norkeskatu_index", methods={"GET"})
+     * @Route("/page{page}", name="norkeskatu_index_paginated", methods={"GET"})
      */
     public function index($page)
     {
@@ @@
     /**
      * Creates a new Norkeskatu entity.
      *
-     * @Route("/new", name="norkeskatu_new")
-     * @Method({"GET", "POST"})
+     * @Route("/new", name="norkeskatu_new", methods={"GET", "POST"})
      */
     public function new(Request $request)
     {
@@ @@
     /**
      * Finds and displays a Norkeskatu entity.
      *
-     * @Route("/{id}", name="norkeskatu_show")
-     * @Method("GET")
+     * @Route("/{id}", name="norkeskatu_show", methods={"GET"})
      */
     public function show(Norkeskatu $norkeskatu): Response
     {
@@ @@
     /**
      * Displays a form to edit an existing Norkeskatu entity.
      *
-     * @Route("/{id}/edit", name="norkeskatu_edit")
-     * @Method({"GET", "POST"})
+     * @Route("/{id}/edit", name="norkeskatu_edit", methods={"GET", "POST"})
      */
     public function edit(Request $request, Norkeskatu $norkeskatu)
     {
@@ @@
     /**
      * Deletes a Norkeskatu entity.
      *
-     * @Route("/{id}", name="norkeskatu_delete")
-     * @Method("DELETE")
+     * @Route("/{id}", name="norkeskatu_delete", methods={"DELETE"})
      */
     public function delete(Request $request, Norkeskatu $norkeskatu): RedirectResponse
     {
    ----------- end diff -----------

Applied rules:
 * MergeMethodAnnotationToRouteAnnotationRector


36) src/Controller/OrdenantzaController.php:31

    ---------- begin diff ----------
@@ @@
         /**
          * Lists all Ordenantza entities.
          *
-         * @Route("/", name="ordenantza_index")
-         * @Method("GET")
+         * @Route("/", name="ordenantza_index", methods={"GET"})
          */
         public function index ()
         {
@@ @@
         /**
          * Creates a new Ordenantza entity.
          *
-         * @Route("/new", name="ordenantza_new")
-         * @Method({"GET", "POST"})
+         * @Route("/new", name="ordenantza_new", methods={"GET", "POST"})
          */
         public function new ( Request $request )
         {
@@ @@
         /**
          * Finds and displays a Ordenantza entity.
          *
-         * @Route("/{id}", name="ordenantza_show")
-         * @Method("GET")
+         * @Route("/{id}", name="ordenantza_show", methods={"GET"})
          */
         public function show ( Ordenantza $ordenantza ): Response
         {
@@ @@
         /**
          * Displays a form to edit an existing Ordenantza entity.
          *
-         * @Route("/{id}/edit", name="ordenantza_edit")
-         * @Method({"GET", "POST"})
+         * @Route("/{id}/edit", name="ordenantza_edit", methods={"GET", "POST"})
          */
         public function edit ( Request $request, Ordenantza $ordenantza )
         {
@@ @@
         /**
          * Deletes a Ordenantza entity.
          *
-         * @Route("/{id}", name="ordenantza_delete")
-         * @Method("DELETE")
+         * @Route("/{id}", name="ordenantza_delete", methods={"DELETE"})
          */
         public function delete ( Request $request, Ordenantza $ordenantza ): RedirectResponse
         {
    ----------- end diff -----------

Applied rules:
 * MergeMethodAnnotationToRouteAnnotationRector


37) src/Controller/OrdenantzaparrafoaController.php:31

    ---------- begin diff ----------
@@ @@
     /**
      * Lists all Ordenantzaparrafoa entities.
      *
-     * @Route("/", name="ordenantzaparrafoa_index")
-     * @Method("GET")
+     * @Route("/", name="ordenantzaparrafoa_index", methods={"GET"})
      */
     public function index()
     {
@@ @@
     /**
      * Creates a new Ordenantzaparrafoa entity.
      *
-     * @Route("/new", name="ordenantzaparrafoa_new")
-     * @Method({"GET", "POST"})
+     * @Route("/new", name="ordenantzaparrafoa_new", methods={"GET", "POST"})
      */
     public function new(Request $request)
     {
@@ @@
     /**
      * Finds and displays a Ordenantzaparrafoa entity.
      *
-     * @Route("/{id}", name="ordenantzaparrafoa_show")
-     * @Method("GET")
+     * @Route("/{id}", name="ordenantzaparrafoa_show", methods={"GET"})
      */
     public function show(Ordenantzaparrafoa $ordenantzaparrafoa): Response
     {
@@ @@
     /**
      * Displays a form to edit an existing Ordenantzaparrafoa entity.
      *
-     * @Route("/{id}/edit", name="ordenantzaparrafoa_edit")
-     * @Method({"GET", "POST"})
+     * @Route("/{id}/edit", name="ordenantzaparrafoa_edit", methods={"GET", "POST"})
      */
     public function edit(Request $request, Ordenantzaparrafoa $ordenantzaparrafoa)
     {
@@ @@
     /**
      * Deletes a Ordenantzaparrafoa entity.
      *
-     * @Route("/{id}", name="ordenantzaparrafoa_delete")
-     * @Method("DELETE")
+     * @Route("/{id}", name="ordenantzaparrafoa_delete", methods={"DELETE"})
      */
     public function delete(Request $request, Ordenantzaparrafoa $ordenantzaparrafoa): RedirectResponse
     {
    ----------- end diff -----------

Applied rules:
 * MergeMethodAnnotationToRouteAnnotationRector


38) src/Controller/ProzeduraController.php:34

    ---------- begin diff ----------
@@ @@
     /**
      * Lists all Prozedura entities.
      *
-     * @Route("/", defaults={"page" = 1}, name="prozedura_index")
-     * @Route("/page{page}", name="prozedura_index_paginated")
-     * @Method("GET")
+     * @Route("/", defaults={"page"=1}, name="prozedura_index", methods={"GET"})
+     * @Route("/page{page}", name="prozedura_index_paginated", methods={"GET"})
      */
     public function index($page)
     {
@@ @@
     /**
      * Creates a new Prozedura entity.
      *
-     * @Route("/new", name="prozedura_new")
-     * @Method({"GET", "POST"})
+     * @Route("/new", name="prozedura_new", methods={"GET", "POST"})
      */
     public function new(Request $request)
     {
@@ @@
     /**
      * Finds and displays a Prozedura entity.
      *
-     * @Route("/{id}", name="prozedura_show")
-     * @Method("GET")
+     * @Route("/{id}", name="prozedura_show", methods={"GET"})
      */
     public function show(Prozedura $prozedura): Response
     {
@@ @@
     /**
      * Displays a form to edit an existing Prozedura entity.
      *
-     * @Route("/{id}/edit", name="prozedura_edit")
-     * @Method({"GET", "POST"})
+     * @Route("/{id}/edit", name="prozedura_edit", methods={"GET", "POST"})
      */
     public function edit(Request $request, Prozedura $prozedura)
     {
@@ @@
     /**
      * Deletes a Prozedura entity.
      *
-     * @Route("/{id}", name="prozedura_delete")
-     * @Method("DELETE")
+     * @Route("/{id}", name="prozedura_delete", methods={"DELETE"})
      */
     public function delete(Request $request, Prozedura $prozedura): RedirectResponse
     {
    ----------- end diff -----------

Applied rules:
 * MergeMethodAnnotationToRouteAnnotationRector


39) src/Controller/SailaController.php:34

    ---------- begin diff ----------
@@ @@
     /**
      * Lists all Saila entities.
      *
-     * @Route("/", defaults={"page" = 1}, name="saila_index")
-     * @Route("/page{page}", name="saila_index_paginated") 
-     * @Method("GET")
+     * @Route("/", defaults={"page"=1}, name="saila_index", methods={"GET"})
+     * @Route("/page{page}", name="saila_index_paginated", methods={"GET"})
      */
     public function index($page)
     {
@@ @@
     /**
      * Creates a new Saila entity.
      *
-     * @Route("/new", name="saila_new")
-     * @Method({"GET", "POST"})
+     * @Route("/new", name="saila_new", methods={"GET", "POST"})
      */
     public function new(Request $request)
     {
@@ @@
     /**
      * Finds and displays a Saila entity.
      *
-     * @Route("/{id}", name="saila_show")
-     * @Method("GET")
+     * @Route("/{id}", name="saila_show", methods={"GET"})
      */
     public function show(Saila $saila): Response
     {
@@ @@
     /**
      * Displays a form to edit an existing Saila entity.
      *
-     * @Route("/{id}/edit", name="saila_edit")
-     * @Method({"GET", "POST"})
+     * @Route("/{id}/edit", name="saila_edit", methods={"GET", "POST"})
      */
     public function edit(Request $request, Saila $saila)
     {
@@ @@
     /**
      * Deletes a Saila entity.
      *
-     * @Route("/{id}", name="saila_delete")
-     * @Method("DELETE")
+     * @Route("/{id}", name="saila_delete", methods={"DELETE"})
      */
     public function delete(Request $request, Saila $saila): RedirectResponse
     {
    ----------- end diff -----------

Applied rules:
 * MergeMethodAnnotationToRouteAnnotationRector


40) src/Controller/UdalaController.php:35

    ---------- begin diff ----------
@@ @@
     /**
      * Lists all Udala entities.
      *
-     * @Route("/", defaults={"page" = 1}, name="udala_index")
-     * @Route("/page{page}", name="udala_index_paginated")
-     * @Method("GET")
+     * @Route("/", defaults={"page"=1}, name="udala_index", methods={"GET"})
+     * @Route("/page{page}", name="udala_index_paginated", methods={"GET"})
      */
     public function index ( $page )
     {
@@ @@
     /**
      * Udalik ez errorea.
      *
-     * @Route("/udala/errorea", defaults={"page" = 1}, name="udala_ez")
-     * @Method("GET")
+     * @Route("/udala/errorea", defaults={"page"=1}, name="udala_ez", methods={"GET"})
      */
     public function udalaez ( $page ): Response
     {
@@ @@
     /**
      * Creates a new Udala entity.
      *
-     * @Route("/new", name="udala_new")
-     * @Method({"GET", "POST"})
+     * @Route("/new", name="udala_new", methods={"GET", "POST"})
      */
     public function new ( Request $request )
     {
@@ @@
     /**
      * Finds and displays a Udala entity.
      *
-     * @Route("/{id}", name="udala_show")
-     * @Method("GET")
+     * @Route("/{id}", name="udala_show", methods={"GET"})
      */
     public function show ( Udala $udala ): Response
     {
@@ @@
     /**
      * Displays a form to edit an existing Udala entity.
      *
-     * @Route("/{id}/edit", name="udala_edit")
-     * @Method({"GET", "POST"})
+     * @Route("/{id}/edit", name="udala_edit", methods={"GET", "POST"})
      */
     public function edit ( Request $request, Udala $udala )
     {
@@ @@
     /**
      * Deletes a Udala entity.
      *
-     * @Route("/{id}", name="udala_delete")
-     * @Method("DELETE")
+     * @Route("/{id}", name="udala_delete", methods={"DELETE"})
      */
     public function delete ( Request $request, Udala $udala ): RedirectResponse
     {
    ----------- end diff -----------

Applied rules:
 * MergeMethodAnnotationToRouteAnnotationRector


41) src/Controller/ZerbitzuaController.php:35

    ---------- begin diff ----------
@@ @@
     /**
      * Lists all Zerbitzua entities.
      *
-     * @Route("/", defaults={"page" = 1}, name="zerbitzua_index")
-     * @Route("/page{page}", name="zerbitzua_index_paginated") 
-     * @Method("GET")
+     * @Route("/", defaults={"page"=1}, name="zerbitzua_index", methods={"GET"})
+     * @Route("/page{page}", name="zerbitzua_index_paginated", methods={"GET"})
      */
     public function index($page)
     {
@@ @@
     /**
      * Creates a new Zerbitzua entity.
      *
-     * @Route("/new", name="zerbitzua_new")
-     * @Method({"GET", "POST"})
+     * @Route("/new", name="zerbitzua_new", methods={"GET", "POST"})
      */
     public function new(Request $request)
     {
@@ @@
     /**
      * Finds and displays a Zerbitzua entity.
      *
-     * @Route("/{id}", name="zerbitzua_show")
-     * @Method("GET")
+     * @Route("/{id}", name="zerbitzua_show", methods={"GET"})
      */
     public function show(Zerbitzua $zerbitzua): Response
     {
@@ @@
     /**
      * Displays a form to edit an existing Zerbitzua entity.
      *
-     * @Route("/{id}/edit", name="zerbitzua_edit")
-     * @Method({"GET", "POST"})
+     * @Route("/{id}/edit", name="zerbitzua_edit", methods={"GET", "POST"})
      */
     public function edit(Request $request, Zerbitzua $zerbitzua)
     {
@@ @@
     /**
      * Deletes a Zerbitzua entity.
      *
-     * @Route("/{id}", name="zerbitzua_delete")
-     * @Method("DELETE")
+     * @Route("/{id}", name="zerbitzua_delete", methods={"DELETE"})
      */
     public function delete(Request $request, Zerbitzua $zerbitzua): RedirectResponse
     {
    ----------- end diff -----------

Applied rules:
 * MergeMethodAnnotationToRouteAnnotationRector


42) src/Tests/Controller/AbstractControllerTest.php:27

    ---------- begin diff ----------
@@ @@
         $client = static::createClient();
         $container = $client->getContainer();

-        $session = $container->get('session');
+        $session = $container->get(\Symfony\Component\HttpFoundation\Session\Session::class);
         /** @var $userManager \FOS\UserBundle\Doctrine\UserManager */
         $userManager = $container->get('fos_user.user_manager');
         /** @var $loginManager \FOS\UserBundle\Security\LoginManager */
@@ @@
         $loginManager->loginUser($firewallName, $user);

         // save the login token into the session and put it in a cookie
-        $container->get('session')->set('_security_' . $firewallName, serialize($container->get('security.token_storage')->getToken()));
-        $container->get('session')->save();
+        $container->get(\Symfony\Component\HttpFoundation\Session\Session::class)->set('_security_' . $firewallName, serialize($container->get(\Symfony\Component\Security\Core\Authentication\Token\Storage\UsageTrackingTokenStorage::class)->getToken()));
+        $container->get(\Symfony\Component\HttpFoundation\Session\Session::class)->save();
         $client->getCookieJar()->set(new Cookie($session->getName(), $session->getId()));

         return $client;
    ----------- end diff -----------

Applied rules:
 * ContainerGetNameToTypeInTestsRector


 [OK] 42 files would have been changed (dry-run) by Rector                                                              

